<?xml version="1.0" encoding="UTF-8"?>
<testng-results ignored="0" total="1" passed="1" failed="0" skipped="0">
  <reporter-output>
  </reporter-output>
  <suite started-at="2024-04-20T16:52:34Z" name="Default suite" finished-at="2024-04-20T16:52:36Z" duration-ms="1873">
    <groups>
    </groups>
    <test started-at="2024-04-20T16:52:34Z" name="Default test" finished-at="2024-04-20T16:52:36Z" duration-ms="1873">
      <class name="pruebacero.SetTest">
        <test-method signature="test01()[pri:0, instance:pruebacero.SetTest@8519cb4]" started-at="2024-04-20T11:52:34Z" name="test01" finished-at="2024-04-20T11:52:36Z" duration-ms="1860" status="PASS">
          <reporter-output>
          </reporter-output>
        </test-method> <!-- test01 -->
      </class> <!-- pruebacero.SetTest -->
    </test> <!-- Default test -->
  </suite> <!-- Default suite -->
</testng-results>
